2023-12-03 23:31:30,992 INFO c.t.TiendaApplication [main] Iniciando logs
2023-12-03 23:31:31,421 INFO c.t.TiendaApplication [main] Starting TiendaApplication using Java 17.0.8.1 with PID 55920 (C:\Users\Usuario\Downloads\tienda\tienda\target\classes started by Usuario in C:\Users\Usuario\Downloads\tienda\tienda)
2023-12-03 23:31:31,424 INFO c.t.TiendaApplication [main] No active profile set, falling back to 1 default profile: "default"
2023-12-03 23:31:31,972 INFO o.s.d.r.c.RepositoryConfigurationDelegate [main] Bootstrapping Spring Data JPA repositories in DEFAULT mode.
2023-12-03 23:31:31,995 INFO o.s.d.r.c.RepositoryConfigurationDelegate [main] Finished Spring Data repository scanning in 16 ms. Found 0 JPA repository interfaces.
2023-12-03 23:31:32,510 INFO o.s.b.w.e.t.TomcatWebServer [main] Tomcat initialized with port(s): 8080 (http)
2023-12-03 23:31:32,908 INFO o.s.b.w.s.c.ServletWebServerApplicationContext [main] Root WebApplicationContext: initialization completed in 1443 ms
2023-12-03 23:31:33,473 INFO o.s.o.j.p.SpringPersistenceUnitInfo [main] No LoadTimeWeaver setup: ignoring JPA class transformer
2023-12-03 23:31:34,432 INFO o.s.o.j.LocalContainerEntityManagerFactoryBean [main] Initialized JPA EntityManagerFactory for persistence unit 'default'
2023-12-03 23:31:34,440 INFO o.s.b.f.a.AutowiredAnnotationBeanPostProcessor [main] Autowired annotation is not supported on static fields: static org.apache.logging.log4j.Logger com.tienda.controller.AdministradorControlador.logger
2023-12-03 23:31:34,443 INFO o.s.b.f.a.AutowiredAnnotationBeanPostProcessor [main] Autowired annotation is not supported on static fields: static org.apache.logging.log4j.Logger com.tienda.servicios.OperacionesUsuario.logger
2023-12-03 23:31:34,444 INFO o.s.b.f.a.AutowiredAnnotationBeanPostProcessor [main] Autowired annotation is not supported on static fields: static org.apache.logging.log4j.Logger com.tienda.dao.usuario.UsuarioDAO.logger
2023-12-03 23:31:34,490 INFO o.s.b.f.a.AutowiredAnnotationBeanPostProcessor [main] Autowired annotation is not supported on static fields: static org.apache.logging.log4j.Logger com.tienda.dao.pedido.PedidoDAO.logger
2023-12-03 23:31:34,498 INFO o.s.b.f.a.AutowiredAnnotationBeanPostProcessor [main] Autowired annotation is not supported on static fields: static org.apache.logging.log4j.Logger com.tienda.dao.detallespedido.DetallesPedidoDAO.logger
2023-12-03 23:31:34,506 INFO o.s.b.f.a.AutowiredAnnotationBeanPostProcessor [main] Autowired annotation is not supported on static fields: static org.apache.logging.log4j.Logger com.tienda.dao.roles.RolesDAO.logger
2023-12-03 23:31:34,547 INFO o.s.b.f.a.AutowiredAnnotationBeanPostProcessor [main] Autowired annotation is not supported on static fields: static org.apache.logging.log4j.Logger com.tienda.controller.CatalogoControlador.logger
2023-12-03 23:31:34,561 INFO o.s.b.f.a.AutowiredAnnotationBeanPostProcessor [main] Autowired annotation is not supported on static fields: static org.apache.logging.log4j.Logger com.tienda.controller.Controlador.logger
2023-12-03 23:31:34,563 INFO o.s.b.f.a.AutowiredAnnotationBeanPostProcessor [main] Autowired annotation is not supported on static fields: static org.apache.logging.log4j.Logger com.tienda.dao.configuracion.ConfiguracionDAO.logger
2023-12-03 23:31:34,568 INFO o.s.b.f.a.AutowiredAnnotationBeanPostProcessor [main] Autowired annotation is not supported on static fields: static org.apache.logging.log4j.Logger com.tienda.controller.UsuarioControlador.logger
2023-12-03 23:31:34,601 WARN o.s.b.a.o.j.JpaBaseConfiguration$JpaWebConfiguration [main] spring.jpa.open-in-view is enabled by default. Therefore, database queries may be performed during view rendering. Explicitly configure spring.jpa.open-in-view to disable this warning
2023-12-03 23:31:34,729 INFO o.s.b.a.w.s.WelcomePageHandlerMapping [main] Adding welcome page template: index
2023-12-03 23:31:34,908 INFO o.s.b.w.e.t.TomcatWebServer [main] Tomcat started on port(s): 8080 (http) with context path ''
2023-12-03 23:31:34,919 INFO c.t.TiendaApplication [main] Started TiendaApplication in 3.855 seconds (process running for 4.708)
2023-12-03 23:31:36,647 INFO o.s.b.a.SpringApplicationAdminMXBeanRegistrar$SpringApplicationAdmin [RMI TCP Connection(6)-127.0.0.1] Application shutdown requested.
2023-12-03 23:31:36,664 INFO o.s.o.j.LocalContainerEntityManagerFactoryBean [RMI TCP Connection(6)-127.0.0.1] Closing JPA EntityManagerFactory for persistence unit 'default'
2023-12-03 23:31:39,035 INFO c.t.TiendaApplication [main] Iniciando logs
2023-12-03 23:31:39,534 INFO c.t.TiendaApplication [main] Starting TiendaApplication using Java 17.0.8.1 with PID 55828 (C:\Users\Usuario\Downloads\tienda\tienda\target\classes started by Usuario in C:\Users\Usuario\Downloads\tienda\tienda)
2023-12-03 23:31:39,538 INFO c.t.TiendaApplication [main] No active profile set, falling back to 1 default profile: "default"
2023-12-03 23:31:40,175 INFO o.s.d.r.c.RepositoryConfigurationDelegate [main] Bootstrapping Spring Data JPA repositories in DEFAULT mode.
2023-12-03 23:31:40,200 INFO o.s.d.r.c.RepositoryConfigurationDelegate [main] Finished Spring Data repository scanning in 18 ms. Found 0 JPA repository interfaces.
2023-12-03 23:31:40,798 INFO o.s.b.w.e.t.TomcatWebServer [main] Tomcat initialized with port(s): 8080 (http)
2023-12-03 23:31:41,186 INFO o.s.b.w.s.c.ServletWebServerApplicationContext [main] Root WebApplicationContext: initialization completed in 1598 ms
2023-12-03 23:31:41,977 INFO o.s.o.j.p.SpringPersistenceUnitInfo [main] No LoadTimeWeaver setup: ignoring JPA class transformer
2023-12-03 23:31:43,334 INFO o.s.o.j.LocalContainerEntityManagerFactoryBean [main] Initialized JPA EntityManagerFactory for persistence unit 'default'
2023-12-03 23:31:43,352 INFO o.s.b.f.a.AutowiredAnnotationBeanPostProcessor [main] Autowired annotation is not supported on static fields: static org.apache.logging.log4j.Logger com.tienda.controller.AdministradorControlador.logger
2023-12-03 23:31:43,358 INFO o.s.b.f.a.AutowiredAnnotationBeanPostProcessor [main] Autowired annotation is not supported on static fields: static org.apache.logging.log4j.Logger com.tienda.servicios.OperacionesUsuario.logger
2023-12-03 23:31:43,360 INFO o.s.b.f.a.AutowiredAnnotationBeanPostProcessor [main] Autowired annotation is not supported on static fields: static org.apache.logging.log4j.Logger com.tienda.dao.usuario.UsuarioDAO.logger
2023-12-03 23:31:43,408 INFO o.s.b.f.a.AutowiredAnnotationBeanPostProcessor [main] Autowired annotation is not supported on static fields: static org.apache.logging.log4j.Logger com.tienda.dao.pedido.PedidoDAO.logger
2023-12-03 23:31:43,421 INFO o.s.b.f.a.AutowiredAnnotationBeanPostProcessor [main] Autowired annotation is not supported on static fields: static org.apache.logging.log4j.Logger com.tienda.dao.detallespedido.DetallesPedidoDAO.logger
2023-12-03 23:31:43,427 INFO o.s.b.f.a.AutowiredAnnotationBeanPostProcessor [main] Autowired annotation is not supported on static fields: static org.apache.logging.log4j.Logger com.tienda.dao.roles.RolesDAO.logger
2023-12-03 23:31:43,476 INFO o.s.b.f.a.AutowiredAnnotationBeanPostProcessor [main] Autowired annotation is not supported on static fields: static org.apache.logging.log4j.Logger com.tienda.controller.CatalogoControlador.logger
2023-12-03 23:31:43,489 INFO o.s.b.f.a.AutowiredAnnotationBeanPostProcessor [main] Autowired annotation is not supported on static fields: static org.apache.logging.log4j.Logger com.tienda.controller.Controlador.logger
2023-12-03 23:31:43,490 INFO o.s.b.f.a.AutowiredAnnotationBeanPostProcessor [main] Autowired annotation is not supported on static fields: static org.apache.logging.log4j.Logger com.tienda.dao.configuracion.ConfiguracionDAO.logger
2023-12-03 23:31:43,496 INFO o.s.b.f.a.AutowiredAnnotationBeanPostProcessor [main] Autowired annotation is not supported on static fields: static org.apache.logging.log4j.Logger com.tienda.controller.UsuarioControlador.logger
2023-12-03 23:31:43,533 WARN o.s.b.a.o.j.JpaBaseConfiguration$JpaWebConfiguration [main] spring.jpa.open-in-view is enabled by default. Therefore, database queries may be performed during view rendering. Explicitly configure spring.jpa.open-in-view to disable this warning
2023-12-03 23:31:43,690 INFO o.s.b.a.w.s.WelcomePageHandlerMapping [main] Adding welcome page template: index
2023-12-03 23:32:59,469 INFO c.t.TiendaApplication [main] Iniciando logs
2023-12-03 23:32:59,868 INFO c.t.TiendaApplication [main] Starting TiendaApplication using Java 17.0.8.1 with PID 19476 (C:\Users\Usuario\Downloads\tienda\tienda\target\classes started by Usuario in C:\Users\Usuario\Downloads\tienda\tienda)
2023-12-03 23:32:59,873 INFO c.t.TiendaApplication [main] No active profile set, falling back to 1 default profile: "default"
2023-12-03 23:33:00,422 INFO o.s.d.r.c.RepositoryConfigurationDelegate [main] Bootstrapping Spring Data JPA repositories in DEFAULT mode.
2023-12-03 23:33:00,444 INFO o.s.d.r.c.RepositoryConfigurationDelegate [main] Finished Spring Data repository scanning in 15 ms. Found 0 JPA repository interfaces.
2023-12-03 23:33:00,891 INFO o.s.b.w.e.t.TomcatWebServer [main] Tomcat initialized with port(s): 8080 (http)
2023-12-03 23:33:01,252 INFO o.s.b.w.s.c.ServletWebServerApplicationContext [main] Root WebApplicationContext: initialization completed in 1332 ms
2023-12-03 23:33:01,828 INFO o.s.o.j.p.SpringPersistenceUnitInfo [main] No LoadTimeWeaver setup: ignoring JPA class transformer
2023-12-03 23:33:02,845 INFO o.s.o.j.LocalContainerEntityManagerFactoryBean [main] Initialized JPA EntityManagerFactory for persistence unit 'default'
2023-12-03 23:33:02,853 INFO o.s.b.f.a.AutowiredAnnotationBeanPostProcessor [main] Autowired annotation is not supported on static fields: static org.apache.logging.log4j.Logger com.tienda.controller.AdministradorControlador.logger
2023-12-03 23:33:02,857 INFO o.s.b.f.a.AutowiredAnnotationBeanPostProcessor [main] Autowired annotation is not supported on static fields: static org.apache.logging.log4j.Logger com.tienda.servicios.OperacionesUsuario.logger
2023-12-03 23:33:02,859 INFO o.s.b.f.a.AutowiredAnnotationBeanPostProcessor [main] Autowired annotation is not supported on static fields: static org.apache.logging.log4j.Logger com.tienda.dao.usuario.UsuarioDAO.logger
2023-12-03 23:33:02,909 INFO o.s.b.f.a.AutowiredAnnotationBeanPostProcessor [main] Autowired annotation is not supported on static fields: static org.apache.logging.log4j.Logger com.tienda.dao.pedido.PedidoDAO.logger
2023-12-03 23:33:02,916 INFO o.s.b.f.a.AutowiredAnnotationBeanPostProcessor [main] Autowired annotation is not supported on static fields: static org.apache.logging.log4j.Logger com.tienda.dao.detallespedido.DetallesPedidoDAO.logger
2023-12-03 23:33:02,921 INFO o.s.b.f.a.AutowiredAnnotationBeanPostProcessor [main] Autowired annotation is not supported on static fields: static org.apache.logging.log4j.Logger com.tienda.dao.roles.RolesDAO.logger
2023-12-03 23:33:02,962 INFO o.s.b.f.a.AutowiredAnnotationBeanPostProcessor [main] Autowired annotation is not supported on static fields: static org.apache.logging.log4j.Logger com.tienda.controller.CatalogoControlador.logger
2023-12-03 23:33:02,974 INFO o.s.b.f.a.AutowiredAnnotationBeanPostProcessor [main] Autowired annotation is not supported on static fields: static org.apache.logging.log4j.Logger com.tienda.controller.Controlador.logger
2023-12-03 23:33:02,976 INFO o.s.b.f.a.AutowiredAnnotationBeanPostProcessor [main] Autowired annotation is not supported on static fields: static org.apache.logging.log4j.Logger com.tienda.dao.configuracion.ConfiguracionDAO.logger
2023-12-03 23:33:02,980 INFO o.s.b.f.a.AutowiredAnnotationBeanPostProcessor [main] Autowired annotation is not supported on static fields: static org.apache.logging.log4j.Logger com.tienda.controller.UsuarioControlador.logger
2023-12-03 23:33:03,017 WARN o.s.b.a.o.j.JpaBaseConfiguration$JpaWebConfiguration [main] spring.jpa.open-in-view is enabled by default. Therefore, database queries may be performed during view rendering. Explicitly configure spring.jpa.open-in-view to disable this warning
2023-12-03 23:33:03,145 INFO o.s.b.a.w.s.WelcomePageHandlerMapping [main] Adding welcome page template: index
2023-12-03 23:33:03,310 INFO o.s.b.w.e.t.TomcatWebServer [main] Tomcat started on port(s): 8080 (http) with context path ''
2023-12-03 23:33:03,318 INFO c.t.TiendaApplication [main] Started TiendaApplication in 3.779 seconds (process running for 4.587)
2023-12-03 23:35:10,176 INFO o.s.b.a.SpringApplicationAdminMXBeanRegistrar$SpringApplicationAdmin [RMI TCP Connection(9)-127.0.0.1] Application shutdown requested.
2023-12-03 23:35:10,200 INFO o.s.o.j.LocalContainerEntityManagerFactoryBean [RMI TCP Connection(9)-127.0.0.1] Closing JPA EntityManagerFactory for persistence unit 'default'
2023-12-03 23:37:52,700 INFO c.t.TiendaApplication [main] Iniciando logs
2023-12-03 23:37:53,129 INFO c.t.TiendaApplication [main] Starting TiendaApplication using Java 17.0.8.1 with PID 50364 (C:\Users\Usuario\Downloads\tienda\tienda\target\classes started by Usuario in C:\Users\Usuario\Downloads\tienda\tienda)
2023-12-03 23:37:53,132 INFO c.t.TiendaApplication [main] No active profile set, falling back to 1 default profile: "default"
2023-12-03 23:37:53,656 INFO o.s.d.r.c.RepositoryConfigurationDelegate [main] Bootstrapping Spring Data JPA repositories in DEFAULT mode.
2023-12-03 23:37:53,681 INFO o.s.d.r.c.RepositoryConfigurationDelegate [main] Finished Spring Data repository scanning in 18 ms. Found 0 JPA repository interfaces.
2023-12-03 23:37:54,089 INFO o.s.b.w.e.t.TomcatWebServer [main] Tomcat initialized with port(s): 8080 (http)
2023-12-03 23:37:54,409 INFO o.s.b.w.s.c.ServletWebServerApplicationContext [main] Root WebApplicationContext: initialization completed in 1232 ms
2023-12-03 23:37:54,950 INFO o.s.o.j.p.SpringPersistenceUnitInfo [main] No LoadTimeWeaver setup: ignoring JPA class transformer
2023-12-03 23:37:55,963 INFO o.s.o.j.LocalContainerEntityManagerFactoryBean [main] Initialized JPA EntityManagerFactory for persistence unit 'default'
2023-12-03 23:37:55,971 INFO o.s.b.f.a.AutowiredAnnotationBeanPostProcessor [main] Autowired annotation is not supported on static fields: static org.apache.logging.log4j.Logger com.tienda.controller.AdministradorControlador.logger
2023-12-03 23:37:55,974 INFO o.s.b.f.a.AutowiredAnnotationBeanPostProcessor [main] Autowired annotation is not supported on static fields: static org.apache.logging.log4j.Logger com.tienda.servicios.OperacionesUsuario.logger
2023-12-03 23:37:55,975 INFO o.s.b.f.a.AutowiredAnnotationBeanPostProcessor [main] Autowired annotation is not supported on static fields: static org.apache.logging.log4j.Logger com.tienda.dao.usuario.UsuarioDAO.logger
2023-12-03 23:37:56,024 INFO o.s.b.f.a.AutowiredAnnotationBeanPostProcessor [main] Autowired annotation is not supported on static fields: static org.apache.logging.log4j.Logger com.tienda.dao.pedido.PedidoDAO.logger
2023-12-03 23:37:56,033 INFO o.s.b.f.a.AutowiredAnnotationBeanPostProcessor [main] Autowired annotation is not supported on static fields: static org.apache.logging.log4j.Logger com.tienda.dao.detallespedido.DetallesPedidoDAO.logger
2023-12-03 23:37:56,039 INFO o.s.b.f.a.AutowiredAnnotationBeanPostProcessor [main] Autowired annotation is not supported on static fields: static org.apache.logging.log4j.Logger com.tienda.dao.roles.RolesDAO.logger
2023-12-03 23:37:56,098 INFO o.s.b.f.a.AutowiredAnnotationBeanPostProcessor [main] Autowired annotation is not supported on static fields: static org.apache.logging.log4j.Logger com.tienda.controller.CatalogoControlador.logger
2023-12-03 23:37:56,106 INFO o.s.b.f.a.AutowiredAnnotationBeanPostProcessor [main] Autowired annotation is not supported on static fields: static org.apache.logging.log4j.Logger com.tienda.controller.Controlador.logger
2023-12-03 23:37:56,107 INFO o.s.b.f.a.AutowiredAnnotationBeanPostProcessor [main] Autowired annotation is not supported on static fields: static org.apache.logging.log4j.Logger com.tienda.dao.configuracion.ConfiguracionDAO.logger
2023-12-03 23:37:56,115 INFO o.s.b.f.a.AutowiredAnnotationBeanPostProcessor [main] Autowired annotation is not supported on static fields: static org.apache.logging.log4j.Logger com.tienda.controller.UsuarioControlador.logger
2023-12-03 23:37:56,148 WARN o.s.b.a.o.j.JpaBaseConfiguration$JpaWebConfiguration [main] spring.jpa.open-in-view is enabled by default. Therefore, database queries may be performed during view rendering. Explicitly configure spring.jpa.open-in-view to disable this warning
2023-12-03 23:37:56,281 INFO o.s.b.a.w.s.WelcomePageHandlerMapping [main] Adding welcome page template: index
2023-12-03 23:37:56,471 INFO o.s.b.w.e.t.TomcatWebServer [main] Tomcat started on port(s): 8080 (http) with context path ''
2023-12-03 23:37:56,484 INFO c.t.TiendaApplication [main] Started TiendaApplication in 3.716 seconds (process running for 4.576)
2023-12-03 23:38:07,989 INFO o.s.w.s.DispatcherServlet [http-nio-8080-exec-1] Initializing Servlet 'dispatcherServlet'
2023-12-03 23:38:07,990 INFO o.s.w.s.DispatcherServlet [http-nio-8080-exec-1] Completed initialization in 1 ms
2023-12-03 23:38:08,109 WARN  [http-nio-8080-exec-1] Prueba de creacion de archivo logs
2023-12-03 23:38:34,984 INFO  [http-nio-8080-exec-2] Llega hasta mandar la id al servicio
2023-12-03 23:38:34,993 INFO  [http-nio-8080-exec-2] Vemos que contiene la lista de ver pedidos: [Pedido(id=22, id_usuario=19, fecha=2023-12-03T23:26:19, metodo_pago=EFECTIVO, estado=E., num_factura=2023008, total=161.57), Pedido(id=21, id_usuario=19, fecha=2023-12-03T20:18:23, metodo_pago=EFECTIVO, estado=E., num_factura=2023007, total=209.96), Pedido(id=20, id_usuario=19, fecha=2023-12-03T20:14:32, metodo_pago=EFECTIVO, estado=E., num_factura=2023006, total=209.96), Pedido(id=19, id_usuario=19, fecha=2023-12-03T20:09:11, metodo_pago=EFECTIVO, estado=E., num_factura=2023005, total=104.98), Pedido(id=18, id_usuario=19, fecha=2023-11-30T13:25:40, metodo_pago=EFECTIVO, estado=E., num_factura=2023004, total=128.94), Pedido(id=15, id_usuario=19, fecha=2023-11-26T19:07:24, metodo_pago=EFECTIVO, estado=E., num_factura=2023001, total=368.16), Pedido(id=14, id_usuario=19, fecha=2023-11-25T16:09:10, metodo_pago=EFECTIVO, estado=E., num_factura=2023000, total=52.49)]
2023-12-03 23:54:09,123 INFO o.s.b.a.SpringApplicationAdminMXBeanRegistrar$SpringApplicationAdmin [RMI TCP Connection(24)-127.0.0.1] Application shutdown requested.
2023-12-03 23:54:09,139 INFO o.s.o.j.LocalContainerEntityManagerFactoryBean [RMI TCP Connection(24)-127.0.0.1] Closing JPA EntityManagerFactory for persistence unit 'default'
